PLINK v1.90b4 64-bit (20 Mar 2017)
Options in effect:
  --allow-no-sex
  --file myplinkp1
  --geno 0.05
  --maf 0.05
  --mind 0.05
  --out myplinkp1Filt
  --recode

Hostname: dave-XubuntuVM
Working directory: /home/dwheeler/projects/Rosie/quant/gapit/rosie/gapit/VCFtoHAPMAP
Start time: Sat Feb  3 12:59:42 2018

Random number seed: 1517623182
23693 MB RAM detected; reserving 11846 MB for main workspace.
Scanning .ped file... done.
Performing single-pass .bed write (1153933 variants, 18 people).
--file: myplinkp1Filt-temporary.bed + myplinkp1Filt-temporary.bim +
myplinkp1Filt-temporary.fam written.
1153933 variants loaded from .bim file.
18 people (0 males, 0 females, 18 ambiguous) loaded from .fam.
Ambiguous sex IDs written to myplinkp1Filt.nosex .
18 phenotype values loaded from .fam.
4 people removed due to missing genotype data (--mind).
IDs written to myplinkp1Filt.irem .
Using 1 thread (no multithreaded calculations invoked).
Before main variant filters, 14 founders and 0 nonfounders present.
Calculating allele frequencies... done.
Total genotyping rate in remaining samples is 0.985752.
79396 variants removed due to missing genotype data (--geno).
733766 variants removed due to minor allele threshold(s)
(--maf/--max-maf/--mac/--max-mac).
340771 variants and 14 people pass filters and QC.
Phenotype data is quantitative.
--recode ped to myplinkp1Filt.ped + myplinkp1Filt.map ... done.

End time: Sat Feb  3 12:59:43 2018
